Case #1:
I
/
O
Case #2:
/OI/
Case #3:
IIO
///
OOI
Case #4:
IIOOIIOO
////////
OOIIOOII
Case #5:
IIOOIIOOIIOOIIOOIIOOIIOOIIOOIIOOIIOOIIOOIIOOIIOOII
//////////////////////////////////////////////////
OOIIOOIIOOIIOOIIOOIIOOIIOOIIOOIIOOIIOOIIOOIIOOIIOO
IIOOIIOOIIOOIIOOIIOOIIOOIIOOIIOOIIOOIIOOIIOOIIOOII
//////////////////////////////////////////////////
OOIIOOIIOOIIOOIIOOIIOOIIOOIIOOIIOOIIOOIIOOIIOOIIOO
IIOOIIOOIIOOIIOOIIOOIIOOIIOOIIOOIIOOIIOOIIOOIIOOII
//////////////////////////////////////////////////
OOIIOOIIOOIIOOIIOOIIOOIIOOIIOOIIOOIIOOIIOOIIOOIIOO
IIOOIIOOIIOOIIOOIIOOIIOOIIOOIIOOIIOOIIO///////////
//////////////////////////////////////////////////
OOIIOOIIOOIIOOIIOOIIOOIIOOIIOOIIOOIIOOI///////////
Case #6:
IIOOIIOOIIOOIIOOIIOOIIOOIIOO
////////////////////////////
OOIIOOIIOOIIOOIIOOIIOOIIOOII
Case #7:
IIOOIIOOIIOOIIOOIIOOIIOOIIOOIIOOIIOOIIOOIIOOIIOOII
//////////////////////////////////////////////////
OOIIOOIIOOIIOOIIOOIIOOIIOOIIOOIIOOIIOOIIOOIIOOIIOO
IIOOIIOOIIOOIIOOIIOOIIOOIIOOIIOOIIOOIIOOIIOOIIOOII
//////////////////////////////////////////////////
OOIIOOIIOOIIOOIIOOIIOOIIOOIIOOIIOOIIOOIIOOIIOOIIOO
IIOOIIOOIIOOIIOOIIOOIIOOIIOOIIOOIIOOIIOOIIOOIIOOII
//////////////////////////////////////////////////
OOIIOOIIOOIIOOIIOOIIOOIIOOIIOOIIOOIIOOIIOOIIOOIIOO
IIOOIIOOIIOOIIOOIIOOIIOOIIOOIIOOIIOOIIOOIIOO//////
//////////////////////////////////////////////////
OOIIOOIIOOIIOOIIOOIIOOIIOOIIOOIIOOIIOOIIOOII//////
Case #8:
IIOOIIOOI
/////////
OOIIOOIIO
Case #9:
IIOOIIOOIIOOIIOOIIOOIIOOIIOOIIOOIIOOIIOOIIOOIIOOII
//////////////////////////////////////////////////
OOIIOOIIOOIIOOIIOOIIOOIIOOIIOOIIOOIIOOIIOOIIOOIIOO
IIOOIIOOIIOOIIOOIIOOIIOOIIOOIIOOIIOOII////////////
//////////////////////////////////////////////////
OOIIOOIIOOIIOOIIOOIIOOIIOOIIOOIIOOIIOO////////////
Case #10:
IIOOIIOOIIOOIIOOIIOOIIOOIIOOIIOOIIOOIIOOIIOOIIOOII
//////////////////////////////////////////////////
OOIIOOIIOOIIOOIIOOIIOOIIOOIIOOIIOOIIOOIIOOIIOOIIOO
IIOOIIOOIIOOIIOOIIOOIIOOIIOOIIOOIIOOIIOOIIOOIIOOII
//////////////////////////////////////////////////
OOIIOOIIOOIIOOIIOOIIOOIIOOIIOOIIOOIIOOIIOOIIOOIIOO
IIOOIIOOIIOOIIOOIIOOIIOOIIOOIIOOIIOOIIOOIIOOIIOOII
//////////////////////////////////////////////////
OOIIOOIIOOIIOOIIOOIIOOIIOOIIOOIIOOIIOOIIOOIIOOIIOO
IIOOIIOOIIOOIIOOIIOOIIOOIIOOIIOOIIOOIIOOIIOOIIOOII
//////////////////////////////////////////////////
OOIIOOIIOOIIOOIIOOIIOOIIOOIIOOIIOOIIOOIIOOIIOOIIOO
IIOOIIOOIIOOIIOOIIOOIIOOIIOOIIOOIIOOIIOOIIOOIIOOII
//////////////////////////////////////////////////
OOIIOOIIOOIIOOIIOOIIOOIIOOIIOOIIOOIIOOIIOOIIOOIIOO
IIOOIIOOIIOOIIOOIIOOIIOOIIOOIIOOIIOO//////////////
//////////////////////////////////////////////////
OOIIOOIIOOIIOOIIOOIIOOIIOOIIOOIIOOII//////////////
Case #11:
IIOOIIOOIIOOIIOOIIOOIIOOIIOOIIOOIIOOIIOOIIOOIIOOII
//////////////////////////////////////////////////
OOIIOOIIOOIIOOIIOOIIOOIIOOIIOOIIOOIIOOIIOOIIOOIIOO
IIOOIIOOIIOOIIOOIIOOIIOOIIOOIIOOIIOOIIOOIIOOIIOOII
//////////////////////////////////////////////////
OOIIOOIIOOIIOOIIOOIIOOIIOOIIOOIIOOIIOOIIOOIIOOIIOO
IIOOIIOOIIOOIIOOIIOOIIOOIIOOIIOOIIOOIIOOIIOOIIOOII
//////////////////////////////////////////////////
OOIIOOIIOOIIOOIIOOIIOOIIOOIIOOIIOOIIOOIIOOIIOOIIOO
IIOOIIOOIIOOIIOOIIOOIIOOIIOOIIOOIIOOIIOOIIOOIIOOII
//////////////////////////////////////////////////
OOIIOOIIOOIIOOIIOOIIOOIIOOIIOOIIOOIIOOIIOOIIOOIIOO
IIOOIIOOIIOOIIOOIIOOIIOOIIOOIIOOIIOOIIOOIIOOIIOOII
//////////////////////////////////////////////////
OOIIOOIIOOIIOOIIOOIIOOIIOOIIOOIIOOIIOOIIOOIIOOIIOO
IIOOIIOOIIOOIIOOIIOOIIOOIIOOIIOOIIOOI/////////////
//////////////////////////////////////////////////
OOIIOOIIOOIIOOIIOOIIOOIIOOIIOOIIOOIIO/////////////
Case #12:
IIOOIIOOIIOOIIOOIIOOIIOOIIOOIIOOIIOOIIOOIIOOIIOOII
//////////////////////////////////////////////////
OOIIOOIIOOIIOOIIOOIIOOIIOOIIOOIIOOIIOOIIOOIIOOIIOO
IIOOIIOOIIOOIIOOIIOOIIOOIIOOIIOOIIOOIIOOIIOOIIOOII
//////////////////////////////////////////////////
OOIIOOIIOOIIOOIIOOIIOOIIOOIIOOIIOOIIOOIIOOIIOOIIOO
IIOOIIOOIIOOIIOOIIOOIIOOIIOOIIOOIIOOIIOOIIOOIIOOII
//////////////////////////////////////////////////
OOIIOOIIOOIIOOIIOOIIOOIIOOIIOOIIOOIIOOIIOOIIOOIIOO
IIOOIIOOIIOOIIOOIIOOIIOOIIOOIIOOII////////////////
//////////////////////////////////////////////////
OOIIOOIIOOIIOOIIOOIIOOIIOOIIOOIIOO////////////////
Case #13:
IIOOIIOOIIOOIIOOIIOOIIOOIIOOIIOOIIOOIIOOIIOOIIOOII
//////////////////////////////////////////////////
OOIIOOIIOOIIOOIIOOIIOOIIOOIIOOIIOOIIOOIIOOIIOOIIOO
IIOOIIOOIIOOIIOOIIOOIIOOIIOOIIOOIIOOIIOOIIOOIIOOII
//////////////////////////////////////////////////
OOIIOOIIOOIIOOIIOOIIOOIIOOIIOOIIOOIIOOIIOOIIOOIIOO
IIOOIIOOIIOOIIOOIIOOIIOOIIOOII////////////////////
//////////////////////////////////////////////////
OOIIOOIIOOIIOOIIOOIIOOIIOOIIOO////////////////////
Case #14:
IIOOIIOOIIOOIIOOIIOOIIOOIIOOIIOOIIOOIIOOIIOOIIOOII
//////////////////////////////////////////////////
OOIIOOIIOOIIOOIIOOIIOOIIOOIIOOIIOOIIOOIIOOIIOOIIOO
IIOOI/////////////////////////////////////////////
//////////////////////////////////////////////////
OOIIO/////////////////////////////////////////////
Case #15:
IIOOIIOOIIOOIIOOIIOOIIOOIIOOIIOOIIOOIIOOIIOOIIOOII
//////////////////////////////////////////////////
OOIIOOIIOOIIOOIIOOIIOOIIOOIIOOIIOOIIOOIIOOIIOOIIOO
IIOOIIOOIIOOIIOOIIOOIIOOIIOOIIOOIIOOIIOOIIOOIIOOII
//////////////////////////////////////////////////
OOIIOOIIOOIIOOIIOOIIOOIIOOIIOOIIOOIIOOIIOOIIOOIIOO
IIOOIIOOIIOOIIOOIIOOIIOOIIOOIIOOIIOOIIOOIIOOIIOOII
//////////////////////////////////////////////////
OOIIOOIIOOIIOOIIOOIIOOIIOOIIOOIIOOIIOOIIOOIIOOIIOO
IIOOIIOOIIOOIIOOIIOOIIOOIIOOIIOOIIOOIIOOIIOOIIOOII
//////////////////////////////////////////////////
OOIIOOIIOOIIOOIIOOIIOOIIOOIIOOIIOOIIOOIIOOIIOOIIOO
IIOOIIOOIIOOIIOOIIOOIIOOIIOOIIOOIIOOIIOOIIOOIIOOII
//////////////////////////////////////////////////
OOIIOOIIOOIIOOIIOOIIOOIIOOIIOOIIOOIIOOIIOOIIOOIIOO
IIOOIIOOIIOOIIOOIIOOIIOOIIOOIIOOI/////////////////
//////////////////////////////////////////////////
OOIIOOIIOOIIOOIIOOIIOOIIOOIIOOIIO/////////////////
Case #16:
IIOOIIOOIIOOIIOOIIOOIIOOIIOOIIOOIIOOIIOOIIOOIIOOII
//////////////////////////////////////////////////
OOIIOOIIOOIIOOIIOOIIOOIIOOIIOOIIOOIIOOIIOOIIOOIIOO
IIOOIIOOIIOOIIOOIIOOIIOOIIOOIIOOIIOOIIOOIIOOIIOOII
//////////////////////////////////////////////////
OOIIOOIIOOIIOOIIOOIIOOIIOOIIOOIIOOIIOOIIOOIIOOIIOO
IIOOIIOOIIOOIIOOIIOOIIOOIIOOIIOOIIOOIIOOIIOOIIOOII
//////////////////////////////////////////////////
OOIIOOIIOOIIOOIIOOIIOOIIOOIIOOIIOOIIOOIIOOIIOOIIOO
IIOOIIOOIIOOIIOOIIOOIIOOIIOOIIOOIIOOIIOOIIOOIIOOII
//////////////////////////////////////////////////
OOIIOOIIOOIIOOIIOOIIOOIIOOIIOOIIOOIIOOIIOOIIOOIIOO
IIOOIIOOIIOOIIOOIIOOIIOOIIOOIIOOIIOOIIOOIIOOIIOOII
//////////////////////////////////////////////////
OOIIOOIIOOIIOOIIOOIIOOIIOOIIOOIIOOIIOOIIOOIIOOIIOO
IIOOIIOOIIOOIIOOIIOOIIOOIIOOIIOOIIO///////////////
//////////////////////////////////////////////////
OOIIOOIIOOIIOOIIOOIIOOIIOOIIOOIIOOI///////////////
Case #17:
IIOOIIOOIIOOIIOOIIOOIIOOI
/////////////////////////
OOIIOOIIOOIIOOIIOOIIOOIIO
Case #18:
IIOOIIOOIIOOIIOOIIOOIIOOIIOOIIOOIIOOIIOOIIOOIIOOII
//////////////////////////////////////////////////
OOIIOOIIOOIIOOIIOOIIOOIIOOIIOOIIOOIIOOIIOOIIOOIIOO
IIOOIIOOIIOOIIOOIIOOIIOOIIOOIIOOIIOOIIOOIIOOIIOOII
//////////////////////////////////////////////////
OOIIOOIIOOIIOOIIOOIIOOIIOOIIOOIIOOIIOOIIOOIIOOIIOO
IIOOIIOOIIOOIIOOIIOOIIOOIIOOIIOOIIOOIIOOIIOOIIOOII
//////////////////////////////////////////////////
OOIIOOIIOOIIOOIIOOIIOOIIOOIIOOIIOOIIOOIIOOIIOOIIOO
IIOOIIOOIIOOIIOOIIOOIIOOIIOOIIOOIIOOII////////////
//////////////////////////////////////////////////
OOIIOOIIOOIIOOIIOOIIOOIIOOIIOOIIOOIIOO////////////
Case #19:
IIOO
////
OOII
Case #20:
IIOOIIOOIIOOIIOOIIOOIIOOIIOOIIOOIIOOIIOOIIOOIIOOII
//////////////////////////////////////////////////
OOIIOOIIOOIIOOIIOOIIOOIIOOIIOOIIOOIIOOIIOOIIOOIIOO
IIOOIIOOIIOOIIOOIIOOIIOOIIOOIIOOIIOOIIOOIIOOIIOOII
//////////////////////////////////////////////////
OOIIOOIIOOIIOOIIOOIIOOIIOOIIOOIIOOIIOOIIOOIIOOIIOO
IIOOIIOOIIOOIIOOIIOOIIOOIIOOIIOOIIOOIIOOIIOOII////
//////////////////////////////////////////////////
OOIIOOIIOOIIOOIIOOIIOOIIOOIIOOIIOOIIOOIIOOIIOO////
Case #21:
IIOOIIOOIIOOIIOOIIOOIIOOIIOOIIOOIIOOIIOOIIOOIIOOII
//////////////////////////////////////////////////
OOIIOOIIOOIIOOIIOOIIOOIIOOIIOOIIOOIIOOIIOOIIOOIIOO
IIOOIIOOIIOOIIOOIIOOIIOOIIOOIIOOIIOOIIOOIIOOIIOOI/
//////////////////////////////////////////////////
OOIIOOIIOOIIOOIIOOIIOOIIOOIIOOIIOOIIOOIIOOIIOOIIO/
Case #22:
IIOOIIOOIIOOIIOOIIOOIIOOIIOOIIOOIIOOIIOOIIOOIIOOII
//////////////////////////////////////////////////
OOIIOOIIOOIIOOIIOOIIOOIIOOIIOOIIOOIIOOIIOOIIOOIIOO
IIOOIIOOIIOOIIOOIIOOIIOOIIOOIIOOIIOOIIOOIIOOIIOOII
//////////////////////////////////////////////////
OOIIOOIIOOIIOOIIOOIIOOIIOOIIOOIIOOIIOOIIOOIIOOIIOO
IIOOIIOOIIOOIIOOIIOOIIOOIIOOIIOO//////////////////
//////////////////////////////////////////////////
OOIIOOIIOOIIOOIIOOIIOOIIOOIIOOII//////////////////
Case #23:
II
//
OO
Case #24:
IIOOIIOOIIOOIIOOIIOOIIOOIIOOIIOOIIOOIIOOIIOOIIOOII
//////////////////////////////////////////////////
OOIIOOIIOOIIOOIIOOIIOOIIOOIIOOIIOOIIOOIIOOIIOOIIOO
IIOOIIOOIIOOIIOOIIOOIIOOIIOOIIOOIIOOIIOOIIOOIIOOII
//////////////////////////////////////////////////
OOIIOOIIOOIIOOIIOOIIOOIIOOIIOOIIOOIIOOIIOOIIOOIIOO
IIOOIIOOIIOOIIOOIIOOIIOOIIOOIIOOIIOOIIOOIIOOIIOOII
//////////////////////////////////////////////////
OOIIOOIIOOIIOOIIOOIIOOIIOOIIOOIIOOIIOOIIOOIIOOIIOO
IIOOIIOOIIOOIIOOIIOOIIOOIIOOIIOOIIOOIIOOIIOOIIOOII
//////////////////////////////////////////////////
OOIIOOIIOOIIOOIIOOIIOOIIOOIIOOIIOOIIOOIIOOIIOOIIOO
IIOOIIOOIIOOIIOOIIOOIIOOIIOOIIOOIIOOIIOOIIOOIIOOII
//////////////////////////////////////////////////
OOIIOOIIOOIIOOIIOOIIOOIIOOIIOOIIOOIIOOIIOOIIOOIIOO
IIOOIIOOIIOOIIOOIIOOIIOOIIOOIIOOII////////////////
//////////////////////////////////////////////////
OOIIOOIIOOIIOOIIOOIIOOIIOOIIOOIIOO////////////////
Case #25:
IIOOIIOOIIOOIIOOIIOOIIOOIIOOIIOOIIOOIIOOIIOOIIOOII
//////////////////////////////////////////////////
OOIIOOIIOOIIOOIIOOIIOOIIOOIIOOIIOOIIOOIIOOIIOOIIOO
IIOOIIOOIIOO//////////////////////////////////////
//////////////////////////////////////////////////
OOIIOOIIOOII//////////////////////////////////////
