Case #1:
GGG
CCC
JJJ
Case #2:
CODE
CODE
JJAM
Case #3:
CA
KE
Case #4:
EEC
FFF
BBB
DAA
Case #5:
BBBE
DDDC
AAAA
Case #6:
EBF
ACD
Case #7:
AA
AA
Case #8:
EEE
CCB
AAA
FFD
Case #9:
EEE
DDD
BBF
AAC
Case #10:
EADH
CCBG
FFFI
Case #11:
AA
BC
Case #12:
AEL
JBK
DHG
CFI
Case #13:
CAB
EJF
DIG
HHH
Case #14:
ABCD
ABCD
ABCD
Case #15:
AAA
CCC
FEB
DDD
Case #16:
A
Case #17:
EFBB
HDGC
AAAA
Case #18:
CCEE
BBAA
DDDD
Case #19:
EAHF
BBID
GGGC
Case #20:
ABCD
ABCD
ABCD
Case #21:
AFE
GIB
KHC
JDD
Case #22:
ABCD
ABCD
ABCD
Case #23:
EEEI
CCBH
DGFA
Case #24:
BBBB
ECCA
DDDD
Case #25:
A
A
Case #26:
BED
BED
CCC
AAF
Case #27:
CEDB
CEDB
AAAA
Case #28:
BD
CA
Case #29:
CCJJ
CCJJ
CCJJ
Case #30:
AABBCCDDEEFF
Case #31:
AA
Case #32:
A
A
B
B
C
C
D
D
E
E
F
F
Case #33:
DHB
FIK
EAC
GJJ
Case #34:
AAA
EDD
CBB
FFF
Case #35:
AAAE
AAAE
CBDD
Case #36:
AAAA
DDBE
CCCC
Case #37:
ACCC
EEEE
BBDF
Case #38:
DDDD
CBBE
AAAA
Case #39:
BBBB
AAAA
Case #40:
AAAA
BBBB
CCCC
Case #41:
CC
AA
BB
EE
EE
DD
Case #42:
ABE
CDD
CDD
CDD
Case #43:
DDDE
DDDE
AACB
Case #44:
A
B
Case #45:
EAD
BCC
Case #46:
CDB
AAA
Case #47:
AAAE
DDDD
BBCC
Case #48:
AAA
AAA
Case #49:
BFF
CCC
EED
AAA
Case #50:
AAAA
CDDD
EBBB
Case #51:
AFED
GCBB
GCBB
Case #52:
EEEE
AADD
BBCC
Case #53:
BBB
EEE
DDA
CCC
Case #54:
ADF
ADF
ADF
CEB
Case #55:
FFC
DDD
BBB
EAA
Case #56:
DFI
AHG
CEB
CEB
Case #57:
ABB
ABB
Case #58:
FFF
BBB
DDA
CCE
Case #59:
AAAA
BBBB
CCCC
Case #60:
AABBCC
DDDEEF
Case #61:
AAA
BDC
EFG
HII
Case #62:
FFF
AAG
BDE
CCH
Case #63:
AB
Case #64:
AAA
Case #65:
AAB
CCC
DDD
EEF
Case #66:
DDDA
DDDA
EEBC
Case #67:
CCC
FFE
AAB
DDD
Case #68:
FGDB
AAEC
AAEC
Case #69:
AAAA
BBBB
CCCC
Case #70:
DCC
AFF
BBB
EEE
Case #71:
BBCD
AAAE
AAAE
Case #72:
BBB
AAC
Case #73:
ICE
FGA
BKJ
HDD
Case #74:
ABC
DDD
EEE
Case #75:
AAAA
BBBB
CCCC
Case #76:
AAAB
DDDD
CCEE
Case #77:
FFF
CBD
EEE
AAA
Case #78:
BAC
Case #79:
IIKC
FJEG
HDBA
Case #80:
AA
AA
AA
BB
Case #81:
CAEB
DDDD
DDDD
Case #82:
CEDD
CEDD
BBBA
Case #83:
AABB
CCCD
EEFF
Case #84:
ADD
BBB
CCE
Case #85:
FFD
FFD
BEE
AAC
Case #86:
CCAA
EEEE
DDBB
Case #87:
AA
BB
CC
DD
EE
FF
Case #88:
CCC
DFF
AEG
BBB
Case #89:
CDEE
FBAA
GGGG
Case #90:
ACC
BEE
DDD
DDD
Case #91:
CCCC
EEEE
DBBA
Case #92:
ABB
Case #93:
EEE
EEE
BFA
DCC
Case #94:
AA
BB
Case #95:
HGJC
LBKA
EDFI
Case #96:
AAAA
EDDD
CFBB
Case #97:
AAB
CCC
DDE
FFF
Case #98:
EEE
AAA
DCC
BBB
Case #99:
BBHC
IIDG
AJEF
Case #100:
FFF
EBB
DAA
CCC
